
> server-backup-web@1.0.0 dev:client
> BACKEND_PORT=${PORT:-3010} vite


  VITE v5.4.21  ready in 1302 ms

  ➜  Local:   http://localhost:5173/
  ➜  Network: http://10.240.150.158:5173/
  ➜  Network: http://192.168.2.118:5173/
Proxying GET /api/ip-whitelist/status to /api/ip-whitelist/status
Proxying GET /api/ip-whitelist/status to /api/ip-whitelist/status
Proxying GET /api/servers to /api/servers
Proxying GET /api/login-ip-whitelist/status to /api/login-ip-whitelist/status
Proxying GET /api/autostart/status to /api/autostart/status
Proxying GET /api/servers to /api/servers
Proxying GET /api/login-ip-whitelist/status to /api/login-ip-whitelist/status
Proxying GET /api/login-ip-whitelist/current-ip to /api/login-ip-whitelist/current-ip
Proxying GET /api/settings to /api/settings
Proxying GET /api/login-ip-whitelist/current-ip to /api/login-ip-whitelist/current-ip
Proxying GET /api/settings to /api/settings
Proxying GET /api/login-ip-whitelist to /api/login-ip-whitelist
Proxying GET /api/cron-jobs to /api/cron-jobs
Proxying GET /api/autostart/status to /api/autostart/status
Proxying GET /api/login-ip-whitelist to /api/login-ip-whitelist
Proxying GET /api/cron-jobs to /api/cron-jobs
Proxying GET /api/login-ip-whitelist/check to /api/login-ip-whitelist/check
Proxying GET /api/login-ip-whitelist/check to /api/login-ip-whitelist/check
